<?xml version="1.0" encoding="UTF-8"?>
<!-- Generated by org.testng.reporters.JUnitReportReporter -->
<testsuite hostname="DESKTOP-IJ4R9E9" failures="0" tests="1" name="com.actitime.test.CreateCustomer" time="47.460" errors="0" timestamp="2020-07-23T13:39:27 IST" skipped="0">
  <testcase classname="com.actitime.test.CreateCustomer" name="testCreateCustomer" time="47.460"/>
  <system-out/>
</testsuite> <!-- com.actitime.test.CreateCustomer -->
